c:\users\diego\documents\mis archivos\programación\c++\dll-ada\dll-ada\x64\debug\dllada.pch
c:\users\diego\documents\mis archivos\programación\c++\dll-ada\dll-ada\x64\debug\vc143.pdb
c:\users\diego\documents\mis archivos\programación\c++\dll-ada\dll-ada\x64\debug\vc143.idb
c:\users\diego\documents\mis archivos\programación\c++\dll-ada\dll-ada\x64\debug\pch.obj
c:\users\diego\documents\mis archivos\programación\c++\dll-ada\dll-ada\x64\debug\dllmain.obj
c:\users\diego\documents\mis archivos\programación\c++\dll-ada\dll-ada\x64\debug\greedytsp.obj
c:\users\diego\documents\mis archivos\programación\c++\dll-ada\dll-ada\x64\debug\dll-ada.obj
c:\users\diego\documents\mis archivos\programación\c++\dll-ada\dll-ada\x64\debug\dinamicatsp.obj
c:\users\diego\documents\mis archivos\programación\c++\dll-ada\dll-ada\x64\debug\calculohaversine.obj
c:\users\diego\documents\mis archivos\programación\c++\dll-ada\dll-ada\x64\debug\algprim.obj
c:\users\diego\documents\mis archivos\programación\c++\dll-ada\dll-ada\x64\debug\algkruskal.obj
c:\users\diego\documents\mis archivos\programación\c++\dll-ada\dll-ada\x64\debug\algdijkstra.obj
c:\users\diego\documents\mis archivos\programación\c++\dll-ada\x64\debug\dllada.dll
c:\users\diego\documents\mis archivos\programación\c++\dll-ada\x64\debug\dllada.pdb
c:\users\diego\documents\mis archivos\programación\c++\dll-ada\x64\debug\dllada.lib
c:\users\diego\documents\mis archivos\programación\c++\dll-ada\x64\debug\dllada.exp
c:\users\diego\documents\mis archivos\programación\c++\dll-ada\dll-ada\x64\debug\dllada.ilk
c:\users\diego\documents\mis archivos\programación\c++\dll-ada\dll-ada\x64\debug\dll-ada.tlog\cl.command.1.tlog
c:\users\diego\documents\mis archivos\programación\c++\dll-ada\dll-ada\x64\debug\dll-ada.tlog\cl.items.tlog
c:\users\diego\documents\mis archivos\programación\c++\dll-ada\dll-ada\x64\debug\dll-ada.tlog\cl.read.1.tlog
c:\users\diego\documents\mis archivos\programación\c++\dll-ada\dll-ada\x64\debug\dll-ada.tlog\cl.write.1.tlog
c:\users\diego\documents\mis archivos\programación\c++\dll-ada\dll-ada\x64\debug\dll-ada.tlog\link.command.1.tlog
c:\users\diego\documents\mis archivos\programación\c++\dll-ada\dll-ada\x64\debug\dll-ada.tlog\link.read.1.tlog
c:\users\diego\documents\mis archivos\programación\c++\dll-ada\dll-ada\x64\debug\dll-ada.tlog\link.secondary.1.tlog
c:\users\diego\documents\mis archivos\programación\c++\dll-ada\dll-ada\x64\debug\dll-ada.tlog\link.write.1.tlog
